d:\mylab\gamelab\algorithm\toothandtail\toothandtail_maptool\toothandtail_maptool\debug\toothandtail_maptool.pch
d:\mylab\gamelab\algorithm\toothandtail\toothandtail_maptool\toothandtail_maptool\debug\vc141.pdb
d:\mylab\gamelab\algorithm\toothandtail\toothandtail_maptool\toothandtail_maptool\debug\vc141.idb
d:\mylab\gamelab\algorithm\toothandtail\toothandtail_maptool\toothandtail_maptool\debug\stdafx.obj
d:\mylab\gamelab\algorithm\toothandtail\toothandtail_maptool\toothandtail_maptool\debug\toothandtail_maptool.obj
d:\mylab\gamelab\algorithm\toothandtail\toothandtail_maptool\toothandtail_maptool\debug\mainfrm.obj
d:\mylab\gamelab\algorithm\toothandtail\toothandtail_maptool\toothandtail_maptool\debug\function.obj
d:\mylab\gamelab\algorithm\toothandtail\toothandtail_maptool\toothandtail_maptool\debug\ctimer.obj
d:\mylab\gamelab\algorithm\toothandtail\toothandtail_maptool\toothandtail_maptool\debug\ctile.obj
d:\mylab\gamelab\algorithm\toothandtail\toothandtail_maptool\toothandtail_maptool\debug\ctexturemgr.obj
d:\mylab\gamelab\algorithm\toothandtail\toothandtail_maptool\toothandtail_maptool\debug\ctexture.obj
d:\mylab\gamelab\algorithm\toothandtail\toothandtail_maptool\toothandtail_maptool\debug\ctab2_deco.obj
d:\mylab\gamelab\algorithm\toothandtail\toothandtail_maptool\toothandtail_maptool\debug\ctab1_tile.obj
d:\mylab\gamelab\algorithm\toothandtail\toothandtail_maptool\toothandtail_maptool\debug\cspriteobj.obj
d:\mylab\gamelab\algorithm\toothandtail\toothandtail_maptool\toothandtail_maptool\debug\cspace.obj
d:\mylab\gamelab\algorithm\toothandtail\toothandtail_maptool\toothandtail_maptool\debug\csingletexture.obj
d:\mylab\gamelab\algorithm\toothandtail\toothandtail_maptool\toothandtail_maptool\debug\cobj.obj
d:\mylab\gamelab\algorithm\toothandtail\toothandtail_maptool\toothandtail_maptool\debug\cmultitexture.obj
d:\mylab\gamelab\algorithm\toothandtail\toothandtail_maptool\toothandtail_maptool\debug\cgraphicdevice.obj
d:\mylab\gamelab\algorithm\toothandtail\toothandtail_maptool\toothandtail_maptool\debug\cgameworld.obj
d:\mylab\gamelab\algorithm\toothandtail\toothandtail_maptool\toothandtail_maptool\debug\cform.obj
d:\mylab\gamelab\algorithm\toothandtail\toothandtail_maptool\toothandtail_maptool\debug\cdeco.obj
d:\mylab\gamelab\algorithm\toothandtail\toothandtail_maptool\toothandtail_maptool\debug\ccamera.obj
d:\mylab\gamelab\algorithm\toothandtail\toothandtail_maptool\toothandtail_maptool\debug\toothandtail_maptoolview.obj
d:\mylab\gamelab\algorithm\toothandtail\toothandtail_maptool\toothandtail_maptool\debug\toothandtail_maptooldoc.obj
d:\mylab\gamelab\algorithm\toothandtail\toothandtail_maptool\toothandtail_maptool\debug\toothand.43351ca6.tlog\cl.command.1.tlog
d:\mylab\gamelab\algorithm\toothandtail\toothandtail_maptool\toothandtail_maptool\debug\toothand.43351ca6.tlog\cl.read.1.tlog
d:\mylab\gamelab\algorithm\toothandtail\toothandtail_maptool\toothandtail_maptool\debug\toothand.43351ca6.tlog\cl.write.1.tlog
